0 info it worked if it ends with ok
1 verbose cli [ '/home/vagrant/.nvm/v0.10.33/bin/node',
1 verbose cli   '/home/vagrant/.nvm/v0.10.33/bin/npm',
1 verbose cli   'run',
1 verbose cli   'build' ]
2 info using npm@1.4.28
3 info using node@v0.10.33
4 error Error: ENOENT, open '/home/vagrant/oss/braintree-angular/examples/dropin/package.json'
5 error If you need help, you may report this *entire* log,
5 error including the npm and node versions, at:
5 error     <http://github.com/npm/npm/issues>
6 error System Linux 3.2.0-4-amd64
7 error command "/home/vagrant/.nvm/v0.10.33/bin/node" "/home/vagrant/.nvm/v0.10.33/bin/npm" "run" "build"
8 error cwd /home/vagrant/oss/braintree-angular/examples/dropin
9 error node -v v0.10.33
10 error npm -v 1.4.28
11 error path /home/vagrant/oss/braintree-angular/examples/dropin/package.json
12 error code ENOENT
13 error errno 34
14 verbose exit [ 34, true ]
